0 info it worked if it ends with ok
1 verbose cli [ '/home/ubuntu/.nvm/v0.10.30/bin/node',
1 verbose cli   '/home/ubuntu/.nvm/v0.10.30/bin/npm',
1 verbose cli   'install',
1 verbose cli   'ng-route' ]
2 info using npm@1.4.21
3 info using node@v0.10.30
4 warn package.json polllite@0.0.1 No repository field.
5 verbose readDependencies using package.json deps
6 verbose cache add [ 'ng-route', null ]
7 verbose cache add name=undefined spec="ng-route" args=["ng-route",null]
8 verbose parsed url { protocol: null,
8 verbose parsed url   slashes: null,
8 verbose parsed url   auth: null,
8 verbose parsed url   host: null,
8 verbose parsed url   port: null,
8 verbose parsed url   hostname: null,
8 verbose parsed url   hash: null,
8 verbose parsed url   search: null,
8 verbose parsed url   query: null,
8 verbose parsed url   pathname: 'ng-route',
8 verbose parsed url   path: 'ng-route',
8 verbose parsed url   href: 'ng-route' }
9 silly lockFile 14fabfbe-ng-route ng-route
10 verbose lock ng-route /home/ubuntu/.npm/14fabfbe-ng-route.lock
11 silly lockFile 14fabfbe-ng-route ng-route
12 silly lockFile 14fabfbe-ng-route ng-route
13 verbose addNamed [ 'ng-route', '' ]
14 verbose addNamed [ null, '*' ]
15 silly lockFile d71699b5-ng-route ng-route@
16 verbose lock ng-route@ /home/ubuntu/.npm/d71699b5-ng-route.lock
17 silly addNameRange { name: 'ng-route', range: '*', hasData: false }
18 verbose request where is /ng-route
19 verbose request registry https://registry.npmjs.org/
20 verbose request id 796bef2190542b91
21 verbose url raw /ng-route
22 verbose url resolving [ 'https://registry.npmjs.org/', './ng-route' ]
23 verbose url resolved https://registry.npmjs.org/ng-route
24 verbose request where is https://registry.npmjs.org/ng-route
25 info trying registry request attempt 1 at 06:37:59
26 http GET https://registry.npmjs.org/ng-route
27 http 404 https://registry.npmjs.org/ng-route
28 verbose headers { date: 'Mon, 15 Sep 2014 06:37:59 GMT',
28 verbose headers   server: 'CouchDB/1.5.0 (Erlang OTP/R16B03)',
28 verbose headers   'content-type': 'application/json',
28 verbose headers   'cache-control': 'max-age=0',
28 verbose headers   'content-length': '52',
28 verbose headers   'accept-ranges': 'bytes',
28 verbose headers   via: '1.1 varnish',
28 verbose headers   age: '0',
28 verbose headers   'x-served-by': 'cache-ord1735-ORD',
28 verbose headers   'x-cache': 'MISS',
28 verbose headers   'x-cache-hits': '0',
28 verbose headers   'x-timer': 'S1410763079.455427,VS0,VE139',
28 verbose headers   'keep-alive': 'timeout=10, max=50',
28 verbose headers   connection: 'Keep-Alive' }
29 silly registry.get cb [ 404,
29 silly registry.get   { date: 'Mon, 15 Sep 2014 06:37:59 GMT',
29 silly registry.get     server: 'CouchDB/1.5.0 (Erlang OTP/R16B03)',
29 silly registry.get     'content-type': 'application/json',
29 silly registry.get     'cache-control': 'max-age=0',
29 silly registry.get     'content-length': '52',
29 silly registry.get     'accept-ranges': 'bytes',
29 silly registry.get     via: '1.1 varnish',
29 silly registry.get     age: '0',
29 silly registry.get     'x-served-by': 'cache-ord1735-ORD',
29 silly registry.get     'x-cache': 'MISS',
29 silly registry.get     'x-cache-hits': '0',
29 silly registry.get     'x-timer': 'S1410763079.455427,VS0,VE139',
29 silly registry.get     'keep-alive': 'timeout=10, max=50',
29 silly registry.get     connection: 'Keep-Alive' } ]
30 silly lockFile d71699b5-ng-route ng-route@
31 silly lockFile d71699b5-ng-route ng-route@
32 error 404 404 Not Found: ng-route
32 error 404
32 error 404 'ng-route' is not in the npm registry.
32 error 404 You should bug the author to publish it
32 error 404 It was specified as a dependency of 'polllite'
32 error 404
32 error 404 Note that you can also install from a
32 error 404 tarball, folder, or http url, or git url.
33 error System Linux 3.14.13-c9
34 error command "/home/ubuntu/.nvm/v0.10.30/bin/node" "/home/ubuntu/.nvm/v0.10.30/bin/npm" "install" "ng-route"
35 error cwd /home/ubuntu/workspace
36 error node -v v0.10.30
37 error npm -v 1.4.21
38 error code E404
39 verbose exit [ 1, true ]
